<?xml version="1.0" encoding="UTF-8"?>
<testng-results ignored="0" total="1" passed="1" failed="0" skipped="0">
  <reporter-output>
  </reporter-output>
  <suite started-at="2022-10-18T21:47:05 IST" name="Default suite" finished-at="2022-10-18T21:47:26 IST" duration-ms="20443">
    <groups>
    </groups>
    <test started-at="2022-10-18T21:47:05 IST" name="Default test" finished-at="2022-10-18T21:47:26 IST" duration-ms="20443">
      <class name="frontEndTesting.RequestChequeBookTest">
        <test-method is-config="true" signature="setUp()[pri:0, instance:frontEndTesting.RequestChequeBookTest@46fa7c39]" started-at="2022-10-18T21:47:05 IST" name="setUp" finished-at="2022-10-18T21:47:16 IST" duration-ms="10961" status="PASS">
          <reporter-output>
          </reporter-output>
        </test-method> <!-- setUp -->
        <test-method signature="requestChequeBook()[pri:0, instance:frontEndTesting.RequestChequeBookTest@46fa7c39]" started-at="2022-10-18T21:47:16 IST" name="requestChequeBook" finished-at="2022-10-18T21:47:25 IST" duration-ms="9171" status="PASS">
          <reporter-output>
          </reporter-output>
        </test-method> <!-- requestChequeBook -->
        <test-method is-config="true" signature="cleanUp()[pri:0, instance:frontEndTesting.RequestChequeBookTest@46fa7c39]" started-at="2022-10-18T21:47:25 IST" name="cleanUp" finished-at="2022-10-18T21:47:26 IST" duration-ms="223" status="PASS">
          <reporter-output>
          </reporter-output>
        </test-method> <!-- cleanUp -->
      </class> <!-- frontEndTesting.RequestChequeBookTest -->
    </test> <!-- Default test -->
  </suite> <!-- Default suite -->
</testng-results>
